<?xml version="1.0" encoding="UTF-8"?>
<!-- Generated by org.testng.reporters.JUnitXMLReporter -->
<testsuite hostname="DESKTOP-K8I0AB7" ignored="0" name="Default test" tests="5" failures="0" timestamp="30 Jun 2018 13:16:19 GMT" time="55.262" errors="0">
  <testcase name="wrongCredentialsTest" time="4.288" classname="com.prestashop.HomeWork"/>
  <testcase name="invalidEmailTest" time="0.816" classname="com.prestashop.HomeWork"/>
  <testcase name="blankEmailTest" time="0.933" classname="com.prestashop.HomeWork"/>
  <testcase name="blankPasswordTest" time="0.755" classname="com.prestashop.HomeWork"/>
  <testcase name="loginTest" time="42.978" classname="com.prestashop.HomeWork"/>
</testsuite> <!-- Default test -->
